<?xml version="1.0" encoding="UTF-8" ?>
<testsuite tests="2" failures="1" name="CalculatorTest" time="0.033" errors="0" skipped="0">
  <properties>
[...]
</properties>
  <testcase classname="CalculatorTest" name="CalculatorTest.testSum" time="0.002"/>
  <testcase classname="CalculatorTest" name="CalculatorTest.testSumWithNegativeValues" time="0.031">
    <failure message="expected: &lt;4&gt; but was: &lt;-5&gt;" type="org.opentest4j.AssertionFailedError">org.opentest4j.AssertionFailedError: expected: &lt;4&gt; but was: &lt;-5&gt;
	at org.junit.jupiter.api.AssertionFailureBuilder.build(AssertionFailureBuilder.java:151)
	at org.junit.jupiter.api.AssertionFailureBuilder.buildAndThrow(AssertionFailureBuilder.java:132)
	at org.junit.jupiter.api.AssertEquals.failNotEqual(AssertEquals.java:197)
	at org.junit.jupiter.api.AssertEquals.assertEquals(AssertEquals.java:150)
	at org.junit.jupiter.api.AssertEquals.assertEquals(AssertEquals.java:145)
	at org.junit.jupiter.api.Assertions.assertEquals(Assertions.java:528)
	at CalculatorTest.testSumWithNegativeValues(CalculatorTest.java:22)
</failure>
  </testcase>
</testsuite>